<?xml version="1.0" encoding="UTF-8"?>
<!-- Generated by org.testng.reporters.JUnitXMLReporter -->
<testsuite hostname="DESKTOP-SCGKIHP" ignored="0" name="Test" tests="6" failures="0" timestamp="2020-01-30T13:31:18 IST" time="42.169" errors="0">
  <testcase name="firstFooter" time="0.106" classname="testClasses.Activity3"/>
  <testcase name="multiLeads" time="3.231" classname="testClasses.Activity11"/>
  <testcase name="sales" time="4.573" classname="testClasses.Activity11"/>
  <testcase name="pageImportleads" time="4.482" classname="testClasses.Activity11"/>
  <testcase name="uploadFile" time="7.463" classname="testClasses.Activity11"/>
  <testcase name="verifyLeads" time="3.046" classname="testClasses.Activity11"/>
</testsuite> <!-- Test -->
